build/app/intermediates/manifest_merge_blame_file/release/processReleaseMainManifest/manifest-merger-blame-release-report.txt
1<?xml version="1.0" encoding="utf-8"?>
2<manifest xmlns:android="http://schemas.android.com/apk/res/android"
3    package="com.example.djmobilapp"
4    android:versionCode="1"
5    android:versionName="1.0.0" >
6
7    <uses-sdk
8        android:minSdkVersion="21"
9        android:targetSdkVersion="35" />
10
11    <uses-permission android:name="android.permission.INTERNET" />
11-->src\main\AndroidManifest.xml:2:5-67
11-->src\main\AndroidManifest.xml:2:22-64
12    <uses-permission android:name="android.permission.ACCESS_NETWORK_STATE" />
12-->src\main\AndroidManifest.xml:3:5-79
12-->src\main\AndroidManifest.xml:3:22-76
13    <uses-permission android:name="android.permission.READ_EXTERNAL_STORAGE" />
13-->src\main\AndroidManifest.xml:4:5-80
13-->src\main\AndroidManifest.xml:4:22-77
14    <uses-permission android:name="android.permission.BLUETOOTH_CONNECT" />
14-->src\main\AndroidManifest.xml:5:5-76
14-->src\main\AndroidManifest.xml:5:22-73
15    <uses-permission android:name="android.permission.QUERY_ALL_PACKAGES" />
15-->src\main\AndroidManifest.xml:6:5-77
15-->src\main\AndroidManifest.xml:6:22-74
16    <uses-permission android:name="android.permission.READ_EXTERNAL_STORAGE" />
16-->src\main\AndroidManifest.xml:4:5-80
16-->src\main\AndroidManifest.xml:4:22-77
17    <uses-permission android:name="android.permission.WRITE_EXTERNAL_STORAGE" />
17-->src\main\AndroidManifest.xml:8:5-80
17-->src\main\AndroidManifest.xml:8:22-78
18    <!--
19         Required to query activities that can process text, see:
20         https://developer.android.com/training/package-visibility and
21         https://developer.android.com/reference/android/content/Intent#ACTION_PROCESS_TEXT.
22
23         In particular, this is used by the Flutter engine in io.flutter.plugin.text.ProcessTextPlugin.
24    -->
25    <queries>
25-->src\main\AndroidManifest.xml:50:5-55:15
26        <intent>
26-->src\main\AndroidManifest.xml:51:9-54:18
27            <action android:name="android.intent.action.PROCESS_TEXT" />
27-->src\main\AndroidManifest.xml:52:13-72
27-->src\main\AndroidManifest.xml:52:21-70
28
29            <data android:mimeType="text/plain" />
29-->src\main\AndroidManifest.xml:53:13-50
29-->src\main\AndroidManifest.xml:53:19-48
30        </intent>
31    </queries>
32
33    <permission
33-->[androidx.core:core:1.13.1] AndroidManifest.xml:22:5-24:47
34        android:name="com.example.djmobilapp.DYNAMIC_RECEIVER_NOT_EXPORTED_PERMISSION"
34-->[androidx.core:core:1.13.1] AndroidManifest.xml:23:9-81
35        android:protectionLevel="signature" />
35-->[androidx.core:core:1.13.1] AndroidManifest.xml:24:9-44
36
37    <uses-permission android:name="com.example.djmobilapp.DYNAMIC_RECEIVER_NOT_EXPORTED_PERMISSION" />
37-->[androidx.core:core:1.13.1] AndroidManifest.xml:26:5-97
37-->[androidx.core:core:1.13.1] AndroidManifest.xml:26:22-94
38
39    <application
40        android:name="android.app.Application"
40-->src\main\AndroidManifest.xml:12:9-42
41        android:appComponentFactory="androidx.core.app.CoreComponentFactory"
41-->[androidx.core:core:1.13.1] AndroidManifest.xml:28:18-86
42        android:extractNativeLibs="true"
43        android:icon="@mipmap/ic_launcher"
43-->src\main\AndroidManifest.xml:13:9-43
44        android:label="djmobilapp" >
44-->src\main\AndroidManifest.xml:11:9-35
45        <activity
45-->src\main\AndroidManifest.xml:14:9-38:20
46            android:name="com.example.djmobilapp.MainActivity"
46-->src\main\AndroidManifest.xml:15:13-41
47            android:configChanges="orientation|keyboardHidden|keyboard|screenSize|smallestScreenSize|locale|layoutDirection|fontScale|screenLayout|density|uiMode"
47-->src\main\AndroidManifest.xml:20:13-163
48            android:exported="true"
48-->src\main\AndroidManifest.xml:16:13-36
49            android:hardwareAccelerated="true"
49-->src\main\AndroidManifest.xml:21:13-47
50            android:launchMode="singleTop"
50-->src\main\AndroidManifest.xml:17:13-43
51            android:taskAffinity=""
51-->src\main\AndroidManifest.xml:18:13-36
52            android:theme="@style/LaunchTheme"
52-->src\main\AndroidManifest.xml:19:13-47
53            android:windowSoftInputMode="adjustResize" >
53-->src\main\AndroidManifest.xml:22:13-55
54
55            <!--
56                 Specifies an Android theme to apply to this Activity as soon as
57                 the Android process has started. This theme is visible to the user
58                 while the Flutter UI initializes. After that, this theme continues
59                 to determine the Window background behind the Flutter UI.
60            -->
61            <meta-data
61-->src\main\AndroidManifest.xml:27:13-30:17
62                android:name="io.flutter.embedding.android.NormalTheme"
62-->src\main\AndroidManifest.xml:28:15-70
63                android:resource="@style/NormalTheme" />
63-->src\main\AndroidManifest.xml:29:15-52
64
65            <intent-filter>
65-->src\main\AndroidManifest.xml:31:13-37:29
66                <action android:name="android.intent.action.VIEW" />
66-->src\main\AndroidManifest.xml:32:17-69
66-->src\main\AndroidManifest.xml:32:25-66
67
68                <category android:name="android.intent.category.BROWSABLE" />
68-->src\main\AndroidManifest.xml:33:17-78
68-->src\main\AndroidManifest.xml:33:27-75
69
70                <data android:scheme="https" />
70-->src\main\AndroidManifest.xml:53:13-50
70-->src\main\AndroidManifest.xml:34:23-45
71
72                <action android:name="android.intent.action.MAIN" />
72-->src\main\AndroidManifest.xml:35:17-68
72-->src\main\AndroidManifest.xml:35:25-66
73
74                <category android:name="android.intent.category.LAUNCHER" />
74-->src\main\AndroidManifest.xml:36:17-76
74-->src\main\AndroidManifest.xml:36:27-74
75            </intent-filter>
76        </activity>
77        <!--
78             Don't delete the meta-data below.
79             This is used by the Flutter tool to generate GeneratedPluginRegistrant.java
80        -->
81        <meta-data
81-->src\main\AndroidManifest.xml:41:9-43:33
82            android:name="flutterEmbedding"
82-->src\main\AndroidManifest.xml:42:13-44
83            android:value="2" />
83-->src\main\AndroidManifest.xml:43:13-30
84
85        <provider
85-->[:image_picker_android] AndroidManifest.xml:9:9-17:20
86            android:name="io.flutter.plugins.imagepicker.ImagePickerFileProvider"
86-->[:image_picker_android] AndroidManifest.xml:10:13-82
87            android:authorities="com.example.djmobilapp.flutter.image_provider"
87-->[:image_picker_android] AndroidManifest.xml:11:13-74
88            android:exported="false"
88-->[:image_picker_android] AndroidManifest.xml:12:13-37
89            android:grantUriPermissions="true" >
89-->[:image_picker_android] AndroidManifest.xml:13:13-47
90            <meta-data
90-->[:image_picker_android] AndroidManifest.xml:14:13-16:75
91                android:name="android.support.FILE_PROVIDER_PATHS"
91-->[:image_picker_android] AndroidManifest.xml:15:17-67
92                android:resource="@xml/flutter_image_picker_file_paths" />
92-->[:image_picker_android] AndroidManifest.xml:16:17-72
93        </provider> <!-- Trigger Google Play services to install the backported photo picker module. -->
94        <service
94-->[:image_picker_android] AndroidManifest.xml:19:9-31:19
95            android:name="com.google.android.gms.metadata.ModuleDependencies"
95-->[:image_picker_android] AndroidManifest.xml:20:13-78
96            android:enabled="false"
96-->[:image_picker_android] AndroidManifest.xml:21:13-36
97            android:exported="false" >
97-->[:image_picker_android] AndroidManifest.xml:22:13-37
98            <intent-filter>
98-->[:image_picker_android] AndroidManifest.xml:24:13-26:29
99                <action android:name="com.google.android.gms.metadata.MODULE_DEPENDENCIES" />
99-->[:image_picker_android] AndroidManifest.xml:25:17-94
99-->[:image_picker_android] AndroidManifest.xml:25:25-91
100            </intent-filter>
101
102            <meta-data
102-->[:image_picker_android] AndroidManifest.xml:28:13-30:36
103                android:name="photopicker_activity:0:required"
103-->[:image_picker_android] AndroidManifest.xml:29:17-63
104                android:value="" />
104-->[:image_picker_android] AndroidManifest.xml:30:17-33
105        </service>
106
107        <activity
107-->[:url_launcher_android] AndroidManifest.xml:8:9-11:74
108            android:name="io.flutter.plugins.urllauncher.WebViewActivity"
108-->[:url_launcher_android] AndroidManifest.xml:9:13-74
109            android:exported="false"
109-->[:url_launcher_android] AndroidManifest.xml:10:13-37
110            android:theme="@android:style/Theme.NoTitleBar.Fullscreen" />
110-->[:url_launcher_android] AndroidManifest.xml:11:13-71
111
112        <provider
112-->[:open_file_android] AndroidManifest.xml:9:9-19:20
113            android:name="com.crazecoder.openfile.FileProvider"
113-->[:open_file_android] AndroidManifest.xml:10:13-64
114            android:authorities="com.example.djmobilapp.fileProvider.com.crazecoder.openfile"
114-->[:open_file_android] AndroidManifest.xml:11:13-88
115            android:exported="false"
115-->[:open_file_android] AndroidManifest.xml:12:13-37
116            android:grantUriPermissions="true"
116-->[:open_file_android] AndroidManifest.xml:13:13-47
117            android:requestLegacyExternalStorage="true" >
117-->[:open_file_android] AndroidManifest.xml:14:13-56
118            <meta-data
118-->[:image_picker_android] AndroidManifest.xml:14:13-16:75
119                android:name="android.support.FILE_PROVIDER_PATHS"
119-->[:image_picker_android] AndroidManifest.xml:15:17-67
120                android:resource="@xml/filepaths" />
120-->[:image_picker_android] AndroidManifest.xml:16:17-72
121        </provider>
122
123        <uses-library
123-->[androidx.window:window:1.2.0] AndroidManifest.xml:23:9-25:40
124            android:name="androidx.window.extensions"
124-->[androidx.window:window:1.2.0] AndroidManifest.xml:24:13-54
125            android:required="false" />
125-->[androidx.window:window:1.2.0] AndroidManifest.xml:25:13-37
126        <uses-library
126-->[androidx.window:window:1.2.0] AndroidManifest.xml:26:9-28:40
127            android:name="androidx.window.sidecar"
127-->[androidx.window:window:1.2.0] AndroidManifest.xml:27:13-51
128            android:required="false" />
128-->[androidx.window:window:1.2.0] AndroidManifest.xml:28:13-37
129
130        <provider
130-->[androidx.emoji2:emoji2:1.2.0] AndroidManifest.xml:24:9-32:20
131            android:name="androidx.startup.InitializationProvider"
131-->[androidx.emoji2:emoji2:1.2.0] AndroidManifest.xml:25:13-67
132            android:authorities="com.example.djmobilapp.androidx-startup"
132-->[androidx.emoji2:emoji2:1.2.0] AndroidManifest.xml:26:13-68
133            android:exported="false" >
133-->[androidx.emoji2:emoji2:1.2.0] AndroidManifest.xml:27:13-37
134            <meta-data
134-->[androidx.emoji2:emoji2:1.2.0] AndroidManifest.xml:29:13-31:52
135                android:name="androidx.emoji2.text.EmojiCompatInitializer"
135-->[androidx.emoji2:emoji2:1.2.0] AndroidManifest.xml:30:17-75
136                android:value="androidx.startup" />
136-->[androidx.emoji2:emoji2:1.2.0] AndroidManifest.xml:31:17-49
137            <meta-data
137-->[androidx.lifecycle:lifecycle-process:2.7.0] AndroidManifest.xml:29:13-31:52
138                android:name="androidx.lifecycle.ProcessLifecycleInitializer"
138-->[androidx.lifecycle:lifecycle-process:2.7.0] AndroidManifest.xml:30:17-78
139                android:value="androidx.startup" />
139-->[androidx.lifecycle:lifecycle-process:2.7.0] AndroidManifest.xml:31:17-49
140            <meta-data
140-->[androidx.profileinstaller:profileinstaller:1.3.1] AndroidManifest.xml:29:13-31:52
141                android:name="androidx.profileinstaller.ProfileInstallerInitializer"
141-->[androidx.profileinstaller:profileinstaller:1.3.1] AndroidManifest.xml:30:17-85
142                android:value="androidx.startup" />
142-->[androidx.profileinstaller:profileinstaller:1.3.1] AndroidManifest.xml:31:17-49
143        </provider>
144
145        <receiver
145-->[androidx.profileinstaller:profileinstaller:1.3.1] AndroidManifest.xml:34:9-52:20
146            android:name="androidx.profileinstaller.ProfileInstallReceiver"
146-->[androidx.profileinstaller:profileinstaller:1.3.1] AndroidManifest.xml:35:13-76
147            android:directBootAware="false"
147-->[androidx.profileinstaller:profileinstaller:1.3.1] AndroidManifest.xml:36:13-44
148            android:enabled="true"
148-->[androidx.profileinstaller:profileinstaller:1.3.1] AndroidManifest.xml:37:13-35
149            android:exported="true"
149-->[androidx.profileinstaller:profileinstaller:1.3.1] AndroidManifest.xml:38:13-36
150            android:permission="android.permission.DUMP" >
150-->[androidx.profileinstaller:profileinstaller:1.3.1] AndroidManifest.xml:39:13-57
151            <intent-filter>
151-->[androidx.profileinstaller:profileinstaller:1.3.1] AndroidManifest.xml:40:13-42:29
152                <action android:name="androidx.profileinstaller.action.INSTALL_PROFILE" />
152-->[androidx.profileinstaller:profileinstaller:1.3.1] AndroidManifest.xml:41:17-91
152-->[androidx.profileinstaller:profileinstaller:1.3.1] AndroidManifest.xml:41:25-88
153            </intent-filter>
154            <intent-filter>
154-->[androidx.profileinstaller:profileinstaller:1.3.1] AndroidManifest.xml:43:13-45:29
155                <action android:name="androidx.profileinstaller.action.SKIP_FILE" />
155-->[androidx.profileinstaller:profileinstaller:1.3.1] AndroidManifest.xml:44:17-85
155-->[androidx.profileinstaller:profileinstaller:1.3.1] AndroidManifest.xml:44:25-82
156            </intent-filter>
157            <intent-filter>
157-->[androidx.profileinstaller:profileinstaller:1.3.1] AndroidManifest.xml:46:13-48:29
158                <action android:name="androidx.profileinstaller.action.SAVE_PROFILE" />
158-->[androidx.profileinstaller:profileinstaller:1.3.1] AndroidManifest.xml:47:17-88
158-->[androidx.profileinstaller:profileinstaller:1.3.1] AndroidManifest.xml:47:25-85
159            </intent-filter>
160            <intent-filter>
160-->[androidx.profileinstaller:profileinstaller:1.3.1] AndroidManifest.xml:49:13-51:29
161                <action android:name="androidx.profileinstaller.action.BENCHMARK_OPERATION" />
161-->[androidx.profileinstaller:profileinstaller:1.3.1] AndroidManifest.xml:50:17-95
161-->[androidx.profileinstaller:profileinstaller:1.3.1] AndroidManifest.xml:50:25-92
162            </intent-filter>
163        </receiver>
164    </application>
165
166</manifest>